Arguments: 
  C:\Program Files\nodejs\node.exe C:\Users\HP\AppData\Roaming\npm\node_modules\yarn\bin\yarn.js add @react-navigation/native @react-navigation/bottom-tabs react-native-reanimated react-native-gesture-handler react-native-screens react-native-safe-area-context @react-native-community/masked-view react-native-vector-icons @react-native-community/blur -f

PATH: 
  C:\WINDOWS\system32;C:\WINDOWS;C:\WINDOWS\System32\Wbem;C:\WINDOWS\System32\WindowsPowerShell\v1.0\;C:\WINDOWS\System32\OpenSSH\;C:\Program Files\nodejs\;C:\Program Files\Git\cmd;C:\Program Files\php-8.2.6-nts-Win32-vs16-x64;C:\Users\HP\AppData\Local\Programs\Python\Python310\Scripts\;C:\Users\HP\AppData\Local\Programs\Python\Python310\;C:\Users\HP\AppData\Local\Microsoft\WindowsApps;C:\Users\HP\AppData\Local\Programs\Microsoft VS Code\bin;C:\Users\HP\AppData\Roaming\npm;C:\msys64\mingw64\bin;

Yarn version: 
  1.22.19

Node version: 
  18.13.0

Platform: 
  win32 x64

Trace: 
  Error: connect ETIMEDOUT 104.16.30.34:443
      at TCPConnectWrap.afterConnect [as oncomplete] (node:net:1487:16)

npm manifest: 
  {
    "name": "mise",
    "version": "1.0.0",
    "main": "node_modules/expo/AppEntry.js",
    "scripts": {
      "start": "expo start",
      "android": "expo start --android",
      "ios": "expo start --ios",
      "web": "expo start --web"
    },
    "dependencies": {
      "@expo/webpack-config": "^19.0.0",
      "@gluestack-style/react": "^0.2.46",
      "@gluestack-ui/themed": "^0.1.41",
      "@react-navigation/native": "^6.1.7",
      "@react-navigation/native-stack": "^6.9.13",
      "expo": "~49.0.5",
      "expo-status-bar": "~1.6.0",
      "iconoir-react-native": "^6.11.0",
      "react": "18.2.0",
      "react-native": "0.72.3",
      "react-native-safe-area-context": "^4.6.3",
      "react-native-screens": "~3.22.0",
      "react-native-svg": "^13.13.0",
      "react-native-tab-view": "^3.5.2",
      "react-native-toast-message": "^2.1.6"
    },
    "devDependencies": {
      "@babel/core": "^7.20.0"
    },
    "private": true
  }

yarn manifest: 
  No manifest

Lockfile: 
  No lockfile
